<?xml version="1.0" encoding="UTF-8"?>
<!-- Generated by org.testng.reporters.JUnitReportReporter -->
<testsuite hostname="Tushar" failures="0" tests="1" name="tests.LoginTest" time="3.433" errors="0" timestamp="2024-11-24T21:29:38 BDT" skipped="0">
  <testcase classname="tests.LoginTest" name="loginTest" time="3.433"/>
  <system-out/>
</testsuite> <!-- tests.LoginTest -->
