<?xml version="1.0" encoding="UTF-8"?>
<!-- Generated by org.testng.reporters.JUnitReportReporter -->
<testsuite hostname="Tushar" failures="0" tests="1" name="tests.LoginTest" time="6.211" errors="0" timestamp="2024-11-30T18:55:12 BDT" skipped="0">
  <testcase classname="tests.LoginTest" name="loginTest" time="6.211"/>
  <system-out/>
</testsuite> <!-- tests.LoginTest -->
